{"__type":"$$EventMessageAudit","id":"0784cece-fa34-426a-b768-18f5f8aa9e6e","ts":"2025-04-21T08:20:35.150+00:00","eventName":"n8n.audit.workflow.created","message":"n8n.audit.workflow.created","payload":{"userId":"c1897b45-595f-48ce-b345-291a11e933d5","_email":"abc@gmail.com","_firstName":"anh","_lastName":"dam","globalRole":"global:owner","workflowId":"8dloJKUDWV0HMI5p","workflowName":"My workflow"}}
{"__type":"$$EventMessageConfirm","confirm":"0784cece-fa34-426a-b768-18f5f8aa9e6e","ts":"2025-04-21T08:20:35.247+00:00","source":{"id":"0","name":"eventBus"}}
{"__type":"$$EventMessageWorkflow","id":"ed781f16-b20e-478f-ad8f-82892e236f3e","ts":"2025-04-21T08:20:35.473+00:00","eventName":"n8n.workflow.started","message":"n8n.workflow.started","payload":{"executionId":"1","workflowId":"8dloJKUDWV0HMI5p","isManual":false,"workflowName":"My workflow"}}
{"__type":"$$EventMessageConfirm","confirm":"ed781f16-b20e-478f-ad8f-82892e236f3e","ts":"2025-04-21T08:20:35.474+00:00","source":{"id":"0","name":"eventBus"}}
{"__type":"$$EventMessageNode","id":"001d9960-492f-4d1c-ae83-c5d9385c0a19","ts":"2025-04-21T08:20:35.486+00:00","eventName":"n8n.node.started","message":"n8n.node.started","payload":{"workflowId":"8dloJKUDWV0HMI5p","workflowName":"My workflow","executionId":"1","nodeType":"n8n-nodes-base.manualTrigger","nodeName":"When clicking ‘Test workflow’"}}
{"__type":"$$EventMessageConfirm","confirm":"001d9960-492f-4d1c-ae83-c5d9385c0a19","ts":"2025-04-21T08:20:35.487+00:00","source":{"id":"0","name":"eventBus"}}
{"__type":"$$EventMessageNode","id":"fe0cd0bb-ddcb-4c9f-84c0-6aa566462e49","ts":"2025-04-21T08:20:35.491+00:00","eventName":"n8n.node.finished","message":"n8n.node.finished","payload":{"workflowId":"8dloJKUDWV0HMI5p","workflowName":"My workflow","executionId":"1","nodeType":"n8n-nodes-base.manualTrigger","nodeName":"When clicking ‘Test workflow’"}}
{"__type":"$$EventMessageConfirm","confirm":"fe0cd0bb-ddcb-4c9f-84c0-6aa566462e49","ts":"2025-04-21T08:20:35.492+00:00","source":{"id":"0","name":"eventBus"}}
{"__type":"$$EventMessageNode","id":"872d7f1d-77e6-422c-b23e-c42d78b30b1f","ts":"2025-04-21T08:20:35.493+00:00","eventName":"n8n.node.started","message":"n8n.node.started","payload":{"workflowId":"8dloJKUDWV0HMI5p","workflowName":"My workflow","executionId":"1","nodeType":"n8n-nodes-base.if","nodeName":"If"}}
{"__type":"$$EventMessageConfirm","confirm":"872d7f1d-77e6-422c-b23e-c42d78b30b1f","ts":"2025-04-21T08:20:35.493+00:00","source":{"id":"0","name":"eventBus"}}
{"__type":"$$EventMessageNode","id":"fd5376d1-cf54-4564-b118-00e50cc67f8b","ts":"2025-04-21T08:20:35.505+00:00","eventName":"n8n.node.finished","message":"n8n.node.finished","payload":{"workflowId":"8dloJKUDWV0HMI5p","workflowName":"My workflow","executionId":"1","nodeType":"n8n-nodes-base.if","nodeName":"If"}}
{"__type":"$$EventMessageConfirm","confirm":"fd5376d1-cf54-4564-b118-00e50cc67f8b","ts":"2025-04-21T08:20:35.505+00:00","source":{"id":"0","name":"eventBus"}}
{"__type":"$$EventMessageWorkflow","id":"04318f3a-c522-4800-9c58-e526c61a0ae8","ts":"2025-04-21T08:20:35.513+00:00","eventName":"n8n.workflow.success","message":"n8n.workflow.success","payload":{"executionId":"1","userId":"c1897b45-595f-48ce-b345-291a11e933d5","success":true,"isManual":true,"workflowId":"8dloJKUDWV0HMI5p","workflowName":"My workflow"}}
{"__type":"$$EventMessageConfirm","confirm":"04318f3a-c522-4800-9c58-e526c61a0ae8","ts":"2025-04-21T08:20:35.514+00:00","source":{"id":"0","name":"eventBus"}}
{"__type":"$$EventMessageWorkflow","id":"a7d2f86d-5b7d-482d-acfb-da4788e62128","ts":"2025-04-21T08:23:02.950+00:00","eventName":"n8n.workflow.started","message":"n8n.workflow.started","payload":{"executionId":"2","workflowId":"8dloJKUDWV0HMI5p","isManual":false,"workflowName":"My workflow"}}
{"__type":"$$EventMessageConfirm","confirm":"a7d2f86d-5b7d-482d-acfb-da4788e62128","ts":"2025-04-21T08:23:02.951+00:00","source":{"id":"0","name":"eventBus"}}
{"__type":"$$EventMessageNode","id":"9d732df7-354e-4d89-8d5c-1e631641a1d7","ts":"2025-04-21T08:23:02.952+00:00","eventName":"n8n.node.started","message":"n8n.node.started","payload":{"workflowId":"8dloJKUDWV0HMI5p","workflowName":"My workflow","executionId":"2","nodeType":"n8n-nodes-base.manualTrigger","nodeName":"When clicking ‘Test workflow’"}}
{"__type":"$$EventMessageConfirm","confirm":"9d732df7-354e-4d89-8d5c-1e631641a1d7","ts":"2025-04-21T08:23:02.952+00:00","source":{"id":"0","name":"eventBus"}}
{"__type":"$$EventMessageNode","id":"918a5ae1-f84b-4333-bcd0-d204dd5330e6","ts":"2025-04-21T08:23:02.966+00:00","eventName":"n8n.node.finished","message":"n8n.node.finished","payload":{"workflowId":"8dloJKUDWV0HMI5p","workflowName":"My workflow","executionId":"2","nodeType":"n8n-nodes-base.manualTrigger","nodeName":"When clicking ‘Test workflow’"}}
{"__type":"$$EventMessageConfirm","confirm":"918a5ae1-f84b-4333-bcd0-d204dd5330e6","ts":"2025-04-21T08:23:02.968+00:00","source":{"id":"0","name":"eventBus"}}
{"__type":"$$EventMessageNode","id":"aa524f8f-9bb4-4ee3-95d2-579dc0906e62","ts":"2025-04-21T08:23:02.969+00:00","eventName":"n8n.node.started","message":"n8n.node.started","payload":{"workflowId":"8dloJKUDWV0HMI5p","workflowName":"My workflow","executionId":"2","nodeType":"n8n-nodes-base.if","nodeName":"If"}}
{"__type":"$$EventMessageConfirm","confirm":"aa524f8f-9bb4-4ee3-95d2-579dc0906e62","ts":"2025-04-21T08:23:02.970+00:00","source":{"id":"0","name":"eventBus"}}
{"__type":"$$EventMessageNode","id":"89b37394-346c-4b53-be61-fcecf9c4f657","ts":"2025-04-21T08:23:02.972+00:00","eventName":"n8n.node.finished","message":"n8n.node.finished","payload":{"workflowId":"8dloJKUDWV0HMI5p","workflowName":"My workflow","executionId":"2","nodeType":"n8n-nodes-base.if","nodeName":"If"}}
{"__type":"$$EventMessageConfirm","confirm":"89b37394-346c-4b53-be61-fcecf9c4f657","ts":"2025-04-21T08:23:02.973+00:00","source":{"id":"0","name":"eventBus"}}
{"__type":"$$EventMessageWorkflow","id":"70aef267-8b36-445d-a640-06e8de7024ae","ts":"2025-04-21T08:23:02.976+00:00","eventName":"n8n.workflow.success","message":"n8n.workflow.success","payload":{"executionId":"2","userId":"c1897b45-595f-48ce-b345-291a11e933d5","success":true,"isManual":true,"workflowId":"8dloJKUDWV0HMI5p","workflowName":"My workflow"}}
{"__type":"$$EventMessageConfirm","confirm":"70aef267-8b36-445d-a640-06e8de7024ae","ts":"2025-04-21T08:23:02.976+00:00","source":{"id":"0","name":"eventBus"}}
{"__type":"$$EventMessageAudit","id":"a3aaac89-170f-47f4-a6ed-ccd2e8ae87e2","ts":"2025-04-21T08:55:00.428+00:00","eventName":"n8n.audit.workflow.updated","message":"n8n.audit.workflow.updated","payload":{"userId":"c1897b45-595f-48ce-b345-291a11e933d5","_email":"abc@gmail.com","_firstName":"anh","_lastName":"dam","globalRole":"global:owner","workflowId":"8dloJKUDWV0HMI5p","workflowName":"GitHub Commit Monitor"}}
{"__type":"$$EventMessageConfirm","confirm":"a3aaac89-170f-47f4-a6ed-ccd2e8ae87e2","ts":"2025-04-21T08:55:00.429+00:00","source":{"id":"0","name":"eventBus"}}
